\BOOKMARK [0][-]{chapter*.1}{\376\377\000D\000\311\000D\000I\000C\000A\000C\000E}{}% 1
\BOOKMARK [0][-]{chapter*.2}{\376\377\000R\000E\000M\000E\000R\000C\000I\000E\000M\000E\000N\000T\000S}{}% 2
\BOOKMARK [0][-]{chapter*.3}{\376\377\000R\000\311\000S\000U\000M\000\311}{}% 3
\BOOKMARK [0][-]{chapter*.4}{\376\377\000A\000B\000S\000T\000R\000A\000C\000T}{}% 4
\BOOKMARK [0][-]{chapter*.5}{\376\377\000T\000A\000B\000L\000E\000\040\000D\000E\000S\000\040\000M\000A\000T\000I\000\310\000R\000E\000S}{}% 5
\BOOKMARK [0][-]{chapter*.6}{\376\377\000L\000I\000S\000T\000E\000\040\000D\000E\000S\000\040\000T\000A\000B\000L\000E\000A\000U\000X}{}% 6
\BOOKMARK [0][-]{chapter*.7}{\376\377\000L\000I\000S\000T\000E\000\040\000D\000E\000S\000\040\000F\000I\000G\000U\000R\000E\000S}{}% 7
\BOOKMARK [0][-]{chapter*.8}{\376\377\000L\000I\000S\000T\000E\000\040\000D\000E\000S\000\040\000S\000I\000G\000L\000E\000S\000\040\000E\000T\000\040\000A\000B\000R\000\311\000V\000I\000A\000T\000I\000O\000N\000S}{}% 8
\BOOKMARK [0][-]{chapter*.9}{\376\377\000L\000I\000S\000T\000E\000\040\000D\000E\000S\000\040\000A\000N\000N\000E\000X\000E\000S}{}% 9
\BOOKMARK [0][-]{chapter.1}{\376\377\0001\000\040\000I\000N\000T\000R\000O\000D\000U\000C\000T\000I\000O\000N}{}% 10
\BOOKMARK [1][-]{section.1.1}{\376\377\0001\000.\0001\000\040\000D\000\351\000f\000i\000n\000i\000t\000i\000o\000n\000s\000\040\000e\000t\000\040\000c\000o\000n\000c\000e\000p\000t\000s\000\040\000d\000e\000\040\000b\000a\000s\000e}{chapter.1}% 11
\BOOKMARK [2][-]{subsection.1.1.1}{\376\377\0001\000.\0001\000.\0001\000\040\000U\000n\000e\000\040\000s\000o\000u\000s\000-\000s\000e\000c\000t\000i\000o\000n}{section.1.1}% 12
\BOOKMARK [1][-]{section.1.2}{\376\377\0001\000.\0002\000\040\000\311\000l\000\351\000m\000e\000n\000t\000s\000\040\000d\000e\000\040\000l\000a\000\040\000p\000r\000o\000b\000l\000\351\000m\000a\000t\000i\000q\000u\000e}{chapter.1}% 13
\BOOKMARK [2][-]{subsection.1.2.1}{\376\377\0001\000.\0002\000.\0001\000\040\000A\000u\000t\000r\000e\000s\000\040\000t\000y\000p\000e\000s\000\040\000d\000e\000\040\000s\000t\000r\000u\000c\000t\000u\000r\000e\000s\000\040\000d\000e\000\040\000d\000o\000n\000n\000\351\000e\000s}{section.1.2}% 14
\BOOKMARK [2][-]{subsection.1.2.2}{\376\377\0001\000.\0002\000.\0002\000\040\000L\000e\000\040\000p\000r\000o\000t\000o\000c\000o\000l\000e\000\040\000I\000P\000v\0006}{section.1.2}% 15
\BOOKMARK [1][-]{section.1.3}{\376\377\0001\000.\0003\000\040\000O\000b\000j\000e\000c\000t\000i\000f\000s\000\040\000d\000e\000\040\000r\000e\000c\000h\000e\000r\000c\000h\000e}{chapter.1}% 16
\BOOKMARK [1][-]{section.1.4}{\376\377\0001\000.\0004\000\040\000P\000l\000a\000n\000\040\000d\000u\000\040\000m\000\351\000m\000o\000i\000r\000e}{chapter.1}% 17
\BOOKMARK [0][-]{chapter.2}{\376\377\0002\000\040\000R\000E\000V\000U\000E\000\040\000D\000E\000\040\000L\000I\000T\000T\000\311\000R\000A\000T\000U\000R\000E\000\040\000/\000\040\000L\000I\000T\000E\000R\000A\000T\000U\000R\000E\000\040\000R\000E\000V\000I\000E\000W}{}% 18
\BOOKMARK [0][-]{chapter.3}{\376\377\0003\000\040\000S\000y\000n\000t\000h\000\350\000s\000e\000\040\000d\000e\000\040\000l\000a\000\040\000r\000e\000v\000u\000e\000\040\000d\000e\000\040\000l\000i\000t\000t\000\351\000r\000a\000t\000u\000r\000e\000\040\000e\000t\000\040\000o\000b\000j\000e\000c\000t\000i\000f\000s\000\040\000d\000e\000\040\000l\000a\000\040\000r\000e\000c\000h\000e\000r\000c\000h\000e}{}% 19
\BOOKMARK [1][-]{section.3.1}{\376\377\0003\000.\0001\000\040\000S\000y\000n\000t\000h\000\350\000s\000e\000\040\000d\000e\000\040\000l\000a\000\040\000r\000e\000v\000u\000e\000\040\000d\000e\000\040\000l\000i\000t\000t\000\351\000r\000a\000t\000u\000r\000e}{chapter.3}% 20
\BOOKMARK [1][-]{section.3.2}{\376\377\0003\000.\0002\000\040\000O\000b\000j\000e\000c\000t\000i\000f\000s\000\040\000d\000u\000\040\000m\000\351\000m\000o\000i\000r\000e}{chapter.3}% 21
\BOOKMARK [0][-]{chapter.4}{\376\377\0004\000\040\000P\000R\000E\000M\000I\000E\000R\000\040\000T\000H\000\310\000M\000E\000\040\000/\000\040\000F\000I\000R\000S\000T\000\040\000T\000H\000E\000M\000E}{}% 22
\BOOKMARK [0][-]{chapter.5}{\376\377\0005\000\040\000S\000E\000C\000O\000N\000D\000\040\000T\000H\000\310\000M\000E\000\040\000/\000\040\000S\000E\000C\000O\000N\000D\000\040\000T\000H\000E\000M\000E}{}% 23
\BOOKMARK [0][-]{chapter.6}{\376\377\0006\000\040\000T\000R\000O\000I\000S\000I\000\310\000M\000E\000\040\000T\000H\000\310\000M\000E\000\040\000A\000V\000E\000C\000\040\000U\000N\000\040\000T\000I\000T\000R\000E\000\040\000T\000R\000\310\000S\000\040\000L\000O\000N\000G\000\040\000Q\000U\000I\000\040\000S\000'\000\311\000T\000E\000N\000D\000\040\000S\000U\000R\000\040\000D\000E\000U\000X\000\040\000L\000I\000G\000N\000E\000S\000\040\000/\000\040\000T\000H\000I\000R\000D\000\040\000T\000H\000E\000M\000E\000\040\000W\000I\000T\000H\000\040\000A\000\040\000V\000E\000R\000Y\000\040\000L\000O\000N\000G\000\040\000T\000I\000T\000L\000E\000\040\000T\000H\000A\000T\000\040\000E\000X\000T\000E\000N\000D\000S\000\040\000O\000N\000\040\000T\000W\000O\000\040\000L\000I\000N\000E\000S}{}% 24
\BOOKMARK [0][-]{chapter.7}{\376\377\0007\000\040\000C\000O\000N\000C\000L\000U\000S\000I\000O\000N}{}% 25
\BOOKMARK [1][-]{section.7.1}{\376\377\0007\000.\0001\000\040\000S\000y\000n\000t\000h\000\350\000s\000e\000\040\000d\000e\000s\000\040\000t\000r\000a\000v\000a\000u\000x\000\040\000/\000\040\000S\000u\000m\000m\000a\000r\000y\000\040\000o\000f\000\040\000W\000o\000r\000k\000s}{chapter.7}% 26
\BOOKMARK [1][-]{section.7.2}{\376\377\0007\000.\0002\000\040\000L\000i\000m\000i\000t\000a\000t\000i\000o\000n\000s\000\040\000d\000e\000\040\000l\000a\000\040\000s\000o\000l\000u\000t\000i\000o\000n\000\040\000p\000r\000o\000p\000o\000s\000\351\000e\000\040\000/\000\040\000L\000i\000m\000i\000t\000a\000t\000i\000o\000n\000s}{chapter.7}% 27
\BOOKMARK [1][-]{section.7.3}{\376\377\0007\000.\0003\000\040\000A\000m\000\351\000l\000i\000o\000r\000a\000t\000i\000o\000n\000s\000\040\000f\000u\000t\000u\000r\000e\000s\000\040\000/\000\040\000F\000u\000t\000u\000r\000e\000\040\000R\000e\000s\000e\000a\000r\000c\000h}{chapter.7}% 28
\BOOKMARK [0][-]{chapter*.19}{\376\377\000A\000N\000N\000E\000X\000E\000S}{}% 29
